2019-12-13 15:40:49,415 INFO notifyConnectTimeout:200

2019-12-13 15:40:49,416 INFO notifySocketTimeout:8000

2019-12-13 15:40:49,416 INFO isHealthCheck:true

2019-12-13 15:40:49,416 INFO maxHealthCheckFailCount:12

2019-12-13 15:40:49,416 INFO maxContent:10485760

2019-12-13 15:40:51,264 INFO Schema 'NACOS' already exists.

2019-12-13 15:40:51,438 INFO Table/View 'CONFIG_INFO' already exists in Schema 'NACOS'.

2019-12-13 15:40:51,670 INFO Table/View 'HIS_CONFIG_INFO' already exists in Schema 'NACOS'.

2019-12-13 15:40:51,811 INFO Table/View 'CONFIG_INFO_BETA' already exists in Schema 'NACOS'.

2019-12-13 15:40:51,924 INFO Table/View 'CONFIG_INFO_TAG' already exists in Schema 'NACOS'.

2019-12-13 15:40:52,032 INFO Table/View 'CONFIG_INFO_AGGR' already exists in Schema 'NACOS'.

2019-12-13 15:40:52,149 INFO Table/View 'APP_LIST' already exists in Schema 'NACOS'.

2019-12-13 15:40:52,265 INFO Table/View 'APP_CONFIGDATA_RELATION_SUBS' already exists in Schema 'NACOS'.

2019-12-13 15:40:52,383 INFO Table/View 'APP_CONFIGDATA_RELATION_PUBS' already exists in Schema 'NACOS'.

2019-12-13 15:40:52,498 INFO Table/View 'CONFIG_TAGS_RELATION' already exists in Schema 'NACOS'.

2019-12-13 15:40:52,628 INFO Table/View 'GROUP_CAPACITY' already exists in Schema 'NACOS'.

2019-12-13 15:40:52,737 INFO Table/View 'TENANT_CAPACITY' already exists in Schema 'NACOS'.

2019-12-13 15:40:52,844 INFO Table/View 'TENANT_INFO' already exists in Schema 'NACOS'.

2019-12-13 15:40:52,969 INFO Table/View 'USERS' already exists in Schema 'NACOS'.

2019-12-13 15:40:53,083 INFO Table/View 'ROLES' already exists in Schema 'NACOS'.

2019-12-13 15:40:53,253 INFO The statement was aborted because it would have caused a duplicate key value in a unique or primary key constraint or unique index identified by 'SQL191212160913000' defined on 'USERS'.

2019-12-13 15:40:54,045 INFO ServerListService address-server port:8848

2019-12-13 15:40:54,045 INFO ADDRESS_SERVER_URL:http://jmenv.tbsite.net:8080/nacos/serverlist

2019-12-13 15:40:54,047 WARN [serverlist] updated to [10.98.217.58]

2019-12-13 15:40:54,270 WARN DumpService start

2019-12-13 15:40:54,273 INFO start clear all config-info.

2019-12-13 15:40:54,279 WARN clear all config-info failed.

2019-12-13 15:40:54,279 WARN clear all config-info-tenant failed.

2019-12-13 15:40:54,467 INFO start clear all config-info-beta.

2019-12-13 15:40:54,468 WARN clear all config-info-beta failed.

2019-12-13 15:40:54,468 WARN clear all config-info-beta-tenant failed.

2019-12-13 15:40:54,507 INFO start clear all config-info-tag.

2019-12-13 15:40:54,508 WARN clear all config-info-tag failed.

2019-12-13 15:40:54,508 WARN clear all config-info-tag-tenant failed.

