2019-12-17 00:01:02,227 INFO [capacityManagement] start correct usage

2019-12-17 00:01:02,230 INFO [capacityManagement] end correct usage, cost: 0s

2019-12-17 00:01:02,507 WARN clearConfigHistory start

2019-12-17 00:11:02,243 INFO [capacityManagement] start correct usage

2019-12-17 00:11:02,243 INFO [capacityManagement] end correct usage, cost: 0s

2019-12-17 00:11:02,520 WARN clearConfigHistory start

2019-12-17 00:21:02,255 INFO [capacityManagement] start correct usage

2019-12-17 00:21:02,255 INFO [capacityManagement] end correct usage, cost: 0s

2019-12-17 00:21:02,537 WARN clearConfigHistory start

2019-12-17 00:31:02,267 INFO [capacityManagement] start correct usage

2019-12-17 00:31:02,267 INFO [capacityManagement] end correct usage, cost: 0s

2019-12-17 00:31:02,550 WARN clearConfigHistory start

2019-12-17 00:41:02,279 INFO [capacityManagement] start correct usage

2019-12-17 00:41:02,279 INFO [capacityManagement] end correct usage, cost: 0s

2019-12-17 00:41:02,562 WARN clearConfigHistory start

2019-12-17 00:51:02,291 INFO [capacityManagement] start correct usage

2019-12-17 00:51:02,291 INFO [capacityManagement] end correct usage, cost: 0s

2019-12-17 00:51:02,574 WARN clearConfigHistory start

2019-12-17 01:01:02,303 INFO [capacityManagement] start correct usage

2019-12-17 01:01:02,304 INFO [capacityManagement] end correct usage, cost: 0s

2019-12-17 01:01:02,587 WARN clearConfigHistory start

2019-12-17 01:11:02,316 INFO [capacityManagement] start correct usage

2019-12-17 01:11:02,316 INFO [capacityManagement] end correct usage, cost: 0s

2019-12-17 01:11:02,599 WARN clearConfigHistory start

2019-12-17 01:21:02,328 INFO [capacityManagement] start correct usage

2019-12-17 01:21:02,328 INFO [capacityManagement] end correct usage, cost: 0s

2019-12-17 01:21:02,611 WARN clearConfigHistory start

2019-12-17 01:31:02,340 INFO [capacityManagement] start correct usage

2019-12-17 01:31:02,340 INFO [capacityManagement] end correct usage, cost: 0s

2019-12-17 01:31:02,623 WARN clearConfigHistory start

2019-12-17 01:41:02,352 INFO [capacityManagement] start correct usage

2019-12-17 01:41:02,352 INFO [capacityManagement] end correct usage, cost: 0s

2019-12-17 01:41:02,635 WARN clearConfigHistory start

2019-12-17 01:51:02,364 INFO [capacityManagement] start correct usage

2019-12-17 01:51:02,364 INFO [capacityManagement] end correct usage, cost: 0s

2019-12-17 01:51:02,648 WARN clearConfigHistory start

2019-12-17 02:01:02,377 INFO [capacityManagement] start correct usage

2019-12-17 02:01:02,377 INFO [capacityManagement] end correct usage, cost: 0s

2019-12-17 02:01:02,660 WARN clearConfigHistory start

2019-12-17 02:11:02,389 INFO [capacityManagement] start correct usage

2019-12-17 02:11:02,391 INFO [capacityManagement] end correct usage, cost: 0s

2019-12-17 02:11:02,672 WARN clearConfigHistory start

2019-12-17 02:21:02,403 INFO [capacityManagement] start correct usage

2019-12-17 02:21:02,403 INFO [capacityManagement] end correct usage, cost: 0s

2019-12-17 02:21:02,684 WARN clearConfigHistory start

2019-12-17 02:31:02,415 INFO [capacityManagement] start correct usage

2019-12-17 02:31:02,415 INFO [capacityManagement] end correct usage, cost: 0s

2019-12-17 02:31:02,697 WARN clearConfigHistory start

2019-12-17 02:41:02,427 INFO [capacityManagement] start correct usage

2019-12-17 02:41:02,427 INFO [capacityManagement] end correct usage, cost: 0s

2019-12-17 02:41:02,709 WARN clearConfigHistory start

2019-12-17 02:51:02,440 INFO [capacityManagement] start correct usage

2019-12-17 02:51:02,440 INFO [capacityManagement] end correct usage, cost: 0s

2019-12-17 02:51:02,721 WARN clearConfigHistory start

2019-12-17 03:01:02,452 INFO [capacityManagement] start correct usage

2019-12-17 03:01:02,452 INFO [capacityManagement] end correct usage, cost: 0s

2019-12-17 03:01:02,734 WARN clearConfigHistory start

2019-12-17 03:11:02,464 INFO [capacityManagement] start correct usage

2019-12-17 03:11:02,464 INFO [capacityManagement] end correct usage, cost: 0s

2019-12-17 03:11:02,746 WARN clearConfigHistory start

2019-12-17 03:21:02,476 INFO [capacityManagement] start correct usage

2019-12-17 03:21:02,479 INFO [capacityManagement] end correct usage, cost: 0s

2019-12-17 03:21:02,820 WARN clearConfigHistory start

2019-12-17 03:31:02,491 INFO [capacityManagement] start correct usage

2019-12-17 03:31:02,491 INFO [capacityManagement] end correct usage, cost: 0s

2019-12-17 03:31:02,832 WARN clearConfigHistory start

2019-12-17 03:41:02,503 INFO [capacityManagement] start correct usage

2019-12-17 03:41:02,503 INFO [capacityManagement] end correct usage, cost: 0s

2019-12-17 03:41:02,850 WARN clearConfigHistory start

2019-12-17 03:51:02,515 INFO [capacityManagement] start correct usage

2019-12-17 03:51:02,515 INFO [capacityManagement] end correct usage, cost: 0s

2019-12-17 03:51:02,862 WARN clearConfigHistory start

2019-12-17 04:01:02,527 INFO [capacityManagement] start correct usage

2019-12-17 04:01:02,527 INFO [capacityManagement] end correct usage, cost: 0s

2019-12-17 04:01:02,880 WARN clearConfigHistory start

2019-12-17 04:11:02,539 INFO [capacityManagement] start correct usage

2019-12-17 04:11:02,539 INFO [capacityManagement] end correct usage, cost: 0s

2019-12-17 04:11:02,892 WARN clearConfigHistory start

2019-12-17 04:21:02,551 INFO [capacityManagement] start correct usage

2019-12-17 04:21:02,551 INFO [capacityManagement] end correct usage, cost: 0s

2019-12-17 04:21:02,904 WARN clearConfigHistory start

2019-12-17 04:31:02,564 INFO [capacityManagement] start correct usage

2019-12-17 04:31:02,567 INFO [capacityManagement] end correct usage, cost: 0s

2019-12-17 04:31:02,922 WARN clearConfigHistory start

2019-12-17 04:41:02,579 INFO [capacityManagement] start correct usage

2019-12-17 04:41:02,579 INFO [capacityManagement] end correct usage, cost: 0s

2019-12-17 04:41:02,934 WARN clearConfigHistory start

2019-12-17 04:51:02,591 INFO [capacityManagement] start correct usage

2019-12-17 04:51:02,597 INFO [capacityManagement] end correct usage, cost: 0s

2019-12-17 04:51:02,946 WARN clearConfigHistory start

2019-12-17 05:01:02,609 INFO [capacityManagement] start correct usage

2019-12-17 05:01:02,615 INFO [capacityManagement] end correct usage, cost: 0s

2019-12-17 05:01:02,959 WARN clearConfigHistory start

2019-12-17 05:11:02,627 INFO [capacityManagement] start correct usage

2019-12-17 05:11:02,627 INFO [capacityManagement] end correct usage, cost: 0s

2019-12-17 05:11:02,972 WARN clearConfigHistory start

2019-12-17 05:21:02,639 INFO [capacityManagement] start correct usage

2019-12-17 05:21:02,639 INFO [capacityManagement] end correct usage, cost: 0s

2019-12-17 05:21:02,984 WARN clearConfigHistory start

2019-12-17 05:31:02,651 INFO [capacityManagement] start correct usage

2019-12-17 05:31:02,651 INFO [capacityManagement] end correct usage, cost: 0s

2019-12-17 05:31:03,002 WARN clearConfigHistory start

2019-12-17 05:41:02,663 INFO [capacityManagement] start correct usage

2019-12-17 05:41:02,666 INFO [capacityManagement] end correct usage, cost: 0s

2019-12-17 05:41:03,014 WARN clearConfigHistory start

2019-12-17 05:51:02,678 INFO [capacityManagement] start correct usage

2019-12-17 05:51:02,678 INFO [capacityManagement] end correct usage, cost: 0s

2019-12-17 05:51:03,026 WARN clearConfigHistory start

2019-12-17 06:01:02,690 INFO [capacityManagement] start correct usage

2019-12-17 06:01:02,690 INFO [capacityManagement] end correct usage, cost: 0s

2019-12-17 06:01:03,043 WARN clearConfigHistory start

2019-12-17 06:11:02,711 INFO [capacityManagement] start correct usage

2019-12-17 06:11:02,711 INFO [capacityManagement] end correct usage, cost: 0s

2019-12-17 06:11:03,063 WARN clearConfigHistory start

2019-12-17 06:21:02,838 INFO [capacityManagement] start correct usage

2019-12-17 06:21:02,838 INFO [capacityManagement] end correct usage, cost: 0s

2019-12-17 06:21:03,191 WARN clearConfigHistory start

2019-12-17 06:31:02,907 INFO [capacityManagement] start correct usage

2019-12-17 06:31:02,907 INFO [capacityManagement] end correct usage, cost: 0s

2019-12-17 06:31:03,260 WARN clearConfigHistory start

2019-12-17 06:41:02,920 INFO [capacityManagement] start correct usage

2019-12-17 06:41:02,920 INFO [capacityManagement] end correct usage, cost: 0s

2019-12-17 06:41:03,272 WARN clearConfigHistory start

2019-12-17 06:51:02,932 INFO [capacityManagement] start correct usage

2019-12-17 06:51:02,933 INFO [capacityManagement] end correct usage, cost: 0s

2019-12-17 06:51:03,284 WARN clearConfigHistory start

2019-12-17 07:01:02,946 INFO [capacityManagement] start correct usage

2019-12-17 07:01:02,946 INFO [capacityManagement] end correct usage, cost: 0s

2019-12-17 07:01:03,297 WARN clearConfigHistory start

2019-12-17 07:11:02,958 INFO [capacityManagement] start correct usage

2019-12-17 07:11:02,958 INFO [capacityManagement] end correct usage, cost: 0s

2019-12-17 07:11:03,310 WARN clearConfigHistory start

2019-12-17 07:21:02,970 INFO [capacityManagement] start correct usage

2019-12-17 07:21:02,970 INFO [capacityManagement] end correct usage, cost: 0s

2019-12-17 07:21:03,322 WARN clearConfigHistory start

2019-12-17 07:31:02,983 INFO [capacityManagement] start correct usage

2019-12-17 07:31:02,983 INFO [capacityManagement] end correct usage, cost: 0s

2019-12-17 07:31:03,334 WARN clearConfigHistory start

2019-12-17 07:41:02,995 INFO [capacityManagement] start correct usage

2019-12-17 07:41:02,996 INFO [capacityManagement] end correct usage, cost: 0s

2019-12-17 07:41:03,346 WARN clearConfigHistory start

2019-12-17 07:51:03,008 INFO [capacityManagement] start correct usage

2019-12-17 07:51:03,008 INFO [capacityManagement] end correct usage, cost: 0s

2019-12-17 07:51:03,358 WARN clearConfigHistory start

2019-12-17 08:01:03,020 INFO [capacityManagement] start correct usage

2019-12-17 08:01:03,022 INFO [capacityManagement] end correct usage, cost: 0s

2019-12-17 08:01:03,370 WARN clearConfigHistory start

2019-12-17 08:11:03,034 INFO [capacityManagement] start correct usage

2019-12-17 08:11:03,034 INFO [capacityManagement] end correct usage, cost: 0s

2019-12-17 08:11:03,382 WARN clearConfigHistory start

2019-12-17 08:21:03,046 INFO [capacityManagement] start correct usage

2019-12-17 08:21:03,053 INFO [capacityManagement] end correct usage, cost: 0s

2019-12-17 08:21:03,394 WARN clearConfigHistory start

2019-12-17 08:31:03,065 INFO [capacityManagement] start correct usage

2019-12-17 08:31:03,065 INFO [capacityManagement] end correct usage, cost: 0s

2019-12-17 08:31:03,407 WARN clearConfigHistory start

2019-12-17 08:41:03,077 INFO [capacityManagement] start correct usage

2019-12-17 08:41:03,077 INFO [capacityManagement] end correct usage, cost: 0s

2019-12-17 08:41:03,425 WARN clearConfigHistory start

2019-12-17 08:51:03,089 INFO [capacityManagement] start correct usage

2019-12-17 08:51:03,089 INFO [capacityManagement] end correct usage, cost: 0s

2019-12-17 08:51:03,437 WARN clearConfigHistory start

2019-12-17 09:01:03,101 INFO [capacityManagement] start correct usage

2019-12-17 09:01:03,101 INFO [capacityManagement] end correct usage, cost: 0s

2019-12-17 09:01:03,449 WARN clearConfigHistory start

2019-12-17 09:11:03,113 INFO [capacityManagement] start correct usage

2019-12-17 09:11:03,115 INFO [capacityManagement] end correct usage, cost: 0s

2019-12-17 09:11:03,462 WARN clearConfigHistory start

2019-12-17 09:21:03,127 INFO [capacityManagement] start correct usage

2019-12-17 09:21:03,127 INFO [capacityManagement] end correct usage, cost: 0s

2019-12-17 09:21:03,474 WARN clearConfigHistory start

2019-12-17 09:31:03,139 INFO [capacityManagement] start correct usage

2019-12-17 09:31:03,139 INFO [capacityManagement] end correct usage, cost: 0s

2019-12-17 09:31:03,486 WARN clearConfigHistory start

2019-12-17 09:41:03,151 INFO [capacityManagement] start correct usage

2019-12-17 09:41:03,151 INFO [capacityManagement] end correct usage, cost: 0s

2019-12-17 09:41:03,499 WARN clearConfigHistory start

2019-12-17 09:51:03,163 INFO [capacityManagement] start correct usage

2019-12-17 09:51:03,163 INFO [capacityManagement] end correct usage, cost: 0s

2019-12-17 09:51:03,511 WARN clearConfigHistory start

2019-12-17 10:01:03,175 INFO [capacityManagement] start correct usage

2019-12-17 10:01:03,175 INFO [capacityManagement] end correct usage, cost: 0s

2019-12-17 10:01:03,523 WARN clearConfigHistory start

2019-12-17 10:11:03,187 INFO [capacityManagement] start correct usage

2019-12-17 10:11:03,187 INFO [capacityManagement] end correct usage, cost: 0s

2019-12-17 10:11:03,535 WARN clearConfigHistory start

2019-12-17 10:21:03,199 INFO [capacityManagement] start correct usage

2019-12-17 10:21:03,201 INFO [capacityManagement] end correct usage, cost: 0s

2019-12-17 10:21:03,548 WARN clearConfigHistory start

2019-12-17 10:31:03,213 INFO [capacityManagement] start correct usage

2019-12-17 10:31:03,213 INFO [capacityManagement] end correct usage, cost: 0s

2019-12-17 10:31:03,560 WARN clearConfigHistory start

2019-12-17 10:41:03,225 INFO [capacityManagement] start correct usage

2019-12-17 10:41:03,226 INFO [capacityManagement] end correct usage, cost: 0s

2019-12-17 10:41:03,572 WARN clearConfigHistory start

2019-12-17 10:51:03,238 INFO [capacityManagement] start correct usage

2019-12-17 10:51:03,238 INFO [capacityManagement] end correct usage, cost: 0s

2019-12-17 10:51:03,584 WARN clearConfigHistory start

2019-12-17 11:01:03,250 INFO [capacityManagement] start correct usage

2019-12-17 11:01:03,250 INFO [capacityManagement] end correct usage, cost: 0s

2019-12-17 11:01:03,596 WARN clearConfigHistory start

2019-12-17 11:11:03,262 INFO [capacityManagement] start correct usage

2019-12-17 11:11:03,262 INFO [capacityManagement] end correct usage, cost: 0s

2019-12-17 11:11:03,608 WARN clearConfigHistory start

2019-12-17 11:21:03,274 INFO [capacityManagement] start correct usage

2019-12-17 11:21:03,274 INFO [capacityManagement] end correct usage, cost: 0s

2019-12-17 11:21:03,621 WARN clearConfigHistory start

2019-12-17 11:31:03,286 INFO [capacityManagement] start correct usage

2019-12-17 11:31:03,288 INFO [capacityManagement] end correct usage, cost: 0s

2019-12-17 11:31:03,633 WARN clearConfigHistory start

2019-12-17 11:41:03,300 INFO [capacityManagement] start correct usage

2019-12-17 11:41:03,300 INFO [capacityManagement] end correct usage, cost: 0s

2019-12-17 11:41:03,645 WARN clearConfigHistory start

2019-12-17 11:51:03,312 INFO [capacityManagement] start correct usage

2019-12-17 11:51:03,312 INFO [capacityManagement] end correct usage, cost: 0s

2019-12-17 11:51:03,657 WARN clearConfigHistory start

2019-12-17 12:01:03,324 INFO [capacityManagement] start correct usage

2019-12-17 12:01:03,324 INFO [capacityManagement] end correct usage, cost: 0s

2019-12-17 12:01:03,670 WARN clearConfigHistory start

2019-12-17 12:11:03,336 INFO [capacityManagement] start correct usage

2019-12-17 12:11:03,336 INFO [capacityManagement] end correct usage, cost: 0s

2019-12-17 12:11:03,682 WARN clearConfigHistory start

2019-12-17 12:21:03,348 INFO [capacityManagement] start correct usage

2019-12-17 12:21:03,348 INFO [capacityManagement] end correct usage, cost: 0s

2019-12-17 12:21:03,694 WARN clearConfigHistory start

2019-12-17 12:31:03,360 INFO [capacityManagement] start correct usage

2019-12-17 12:31:03,360 INFO [capacityManagement] end correct usage, cost: 0s

2019-12-17 12:31:03,706 WARN clearConfigHistory start

2019-12-17 12:41:03,373 INFO [capacityManagement] start correct usage

2019-12-17 12:41:03,375 INFO [capacityManagement] end correct usage, cost: 0s

2019-12-17 12:41:03,718 WARN clearConfigHistory start

2019-12-17 12:51:03,387 INFO [capacityManagement] start correct usage

2019-12-17 12:51:03,387 INFO [capacityManagement] end correct usage, cost: 0s

2019-12-17 12:51:03,730 WARN clearConfigHistory start

2019-12-17 13:01:03,399 INFO [capacityManagement] start correct usage

2019-12-17 13:01:03,399 INFO [capacityManagement] end correct usage, cost: 0s

2019-12-17 13:01:03,742 WARN clearConfigHistory start

2019-12-17 13:11:03,411 INFO [capacityManagement] start correct usage

2019-12-17 13:11:03,411 INFO [capacityManagement] end correct usage, cost: 0s

2019-12-17 13:11:03,755 WARN clearConfigHistory start

2019-12-17 13:21:03,424 INFO [capacityManagement] start correct usage

2019-12-17 13:21:03,424 INFO [capacityManagement] end correct usage, cost: 0s

2019-12-17 13:21:03,767 WARN clearConfigHistory start

2019-12-17 13:31:03,436 INFO [capacityManagement] start correct usage

2019-12-17 13:31:03,436 INFO [capacityManagement] end correct usage, cost: 0s

2019-12-17 13:31:03,779 WARN clearConfigHistory start

2019-12-17 13:41:03,448 INFO [capacityManagement] start correct usage

2019-12-17 13:41:03,448 INFO [capacityManagement] end correct usage, cost: 0s

2019-12-17 13:41:03,791 WARN clearConfigHistory start

2019-12-17 13:51:03,460 INFO [capacityManagement] start correct usage

2019-12-17 13:51:03,463 INFO [capacityManagement] end correct usage, cost: 0s

2019-12-17 13:51:03,803 WARN clearConfigHistory start

2019-12-17 14:01:03,475 INFO [capacityManagement] start correct usage

2019-12-17 14:01:03,475 INFO [capacityManagement] end correct usage, cost: 0s

2019-12-17 14:01:03,815 WARN clearConfigHistory start

2019-12-17 14:11:03,487 INFO [capacityManagement] start correct usage

2019-12-17 14:11:03,487 INFO [capacityManagement] end correct usage, cost: 0s

2019-12-17 14:11:03,827 WARN clearConfigHistory start

2019-12-17 14:21:03,499 INFO [capacityManagement] start correct usage

2019-12-17 14:21:03,499 INFO [capacityManagement] end correct usage, cost: 0s

2019-12-17 14:21:03,839 WARN clearConfigHistory start

2019-12-17 14:31:03,512 INFO [capacityManagement] start correct usage

2019-12-17 14:31:03,512 INFO [capacityManagement] end correct usage, cost: 0s

2019-12-17 14:31:03,851 WARN clearConfigHistory start

2019-12-17 14:41:03,524 INFO [capacityManagement] start correct usage

2019-12-17 14:41:03,524 INFO [capacityManagement] end correct usage, cost: 0s

2019-12-17 14:41:03,863 WARN clearConfigHistory start

2019-12-17 14:51:03,536 INFO [capacityManagement] start correct usage

2019-12-17 14:51:03,536 INFO [capacityManagement] end correct usage, cost: 0s

2019-12-17 14:51:03,876 WARN clearConfigHistory start

2019-12-17 15:01:03,549 INFO [capacityManagement] start correct usage

2019-12-17 15:01:03,550 INFO [capacityManagement] end correct usage, cost: 0s

2019-12-17 15:01:03,889 WARN clearConfigHistory start

2019-12-17 15:11:03,562 INFO [capacityManagement] start correct usage

2019-12-17 15:11:03,562 INFO [capacityManagement] end correct usage, cost: 0s

2019-12-17 15:11:03,901 WARN clearConfigHistory start

2019-12-17 15:21:03,652 INFO [capacityManagement] start correct usage

2019-12-17 15:21:03,652 INFO [capacityManagement] end correct usage, cost: 0s

2019-12-17 15:21:03,991 WARN clearConfigHistory start

2019-12-17 15:31:03,732 INFO [capacityManagement] start correct usage

2019-12-17 15:31:03,732 INFO [capacityManagement] end correct usage, cost: 0s

2019-12-17 15:31:04,071 WARN clearConfigHistory start

2019-12-17 15:41:03,778 INFO [capacityManagement] start correct usage

2019-12-17 15:41:03,778 INFO [capacityManagement] end correct usage, cost: 0s

2019-12-17 15:41:04,117 WARN clearConfigHistory start

2019-12-17 15:51:03,791 INFO [capacityManagement] start correct usage

2019-12-17 15:51:03,791 INFO [capacityManagement] end correct usage, cost: 0s

2019-12-17 15:51:04,129 WARN clearConfigHistory start

2019-12-17 16:01:03,803 INFO [capacityManagement] start correct usage

2019-12-17 16:01:03,803 INFO [capacityManagement] end correct usage, cost: 0s

2019-12-17 16:01:04,141 WARN clearConfigHistory start

2019-12-17 16:11:03,815 INFO [capacityManagement] start correct usage

2019-12-17 16:11:03,817 INFO [capacityManagement] end correct usage, cost: 0s

2019-12-17 16:11:04,153 WARN clearConfigHistory start

2019-12-17 16:14:33,687 INFO Expired JWT token.

2019-12-17 16:14:33,688 ERROR Responding with unauthorized error. Message - Full authentication is required to access this resource

2019-12-17 16:21:03,829 INFO [capacityManagement] start correct usage

2019-12-17 16:21:03,829 INFO [capacityManagement] end correct usage, cost: 0s

2019-12-17 16:21:04,165 WARN clearConfigHistory start

2019-12-17 16:31:03,841 INFO [capacityManagement] start correct usage

2019-12-17 16:31:03,841 INFO [capacityManagement] end correct usage, cost: 0s

2019-12-17 16:31:04,177 WARN clearConfigHistory start

2019-12-17 16:41:03,853 INFO [capacityManagement] start correct usage

2019-12-17 16:41:03,853 INFO [capacityManagement] end correct usage, cost: 0s

2019-12-17 16:41:04,189 WARN clearConfigHistory start

2019-12-17 16:51:03,865 INFO [capacityManagement] start correct usage

2019-12-17 16:51:03,865 INFO [capacityManagement] end correct usage, cost: 0s

2019-12-17 16:51:04,201 WARN clearConfigHistory start

2019-12-17 17:01:03,877 INFO [capacityManagement] start correct usage

2019-12-17 17:01:03,877 INFO [capacityManagement] end correct usage, cost: 0s

2019-12-17 17:01:04,214 WARN clearConfigHistory start

2019-12-17 17:11:03,889 INFO [capacityManagement] start correct usage

2019-12-17 17:11:03,889 INFO [capacityManagement] end correct usage, cost: 0s

2019-12-17 17:11:04,226 WARN clearConfigHistory start

2019-12-17 17:21:03,902 INFO [capacityManagement] start correct usage

2019-12-17 17:21:03,902 INFO [capacityManagement] end correct usage, cost: 0s

2019-12-17 17:21:04,238 WARN clearConfigHistory start

2019-12-17 17:31:03,914 INFO [capacityManagement] start correct usage

2019-12-17 17:31:03,914 INFO [capacityManagement] end correct usage, cost: 0s

2019-12-17 17:31:04,251 WARN clearConfigHistory start

2019-12-17 17:37:28,958 INFO Expired JWT token.

2019-12-17 17:37:28,959 ERROR Responding with unauthorized error. Message - Full authentication is required to access this resource

2019-12-17 17:41:03,926 INFO [capacityManagement] start correct usage

2019-12-17 17:41:03,926 INFO [capacityManagement] end correct usage, cost: 0s

2019-12-17 17:41:04,263 WARN clearConfigHistory start

