2019-12-17 00:01:32,268 INFO PERFORMANCE:|0|0|-1|-1

2019-12-17 00:06:32,284 INFO PERFORMANCE:|0|0|-1|-1

2019-12-17 00:11:32,290 INFO PERFORMANCE:|0|0|-1|-1

2019-12-17 00:16:32,296 INFO PERFORMANCE:|0|0|-1|-1

2019-12-17 00:21:32,302 INFO PERFORMANCE:|0|0|-1|-1

2019-12-17 00:26:32,308 INFO PERFORMANCE:|0|0|-1|-1

2019-12-17 00:31:32,314 INFO PERFORMANCE:|0|0|-1|-1

2019-12-17 00:36:32,320 INFO PERFORMANCE:|0|0|-1|-1

2019-12-17 00:41:32,326 INFO PERFORMANCE:|0|0|-1|-1

2019-12-17 00:46:32,332 INFO PERFORMANCE:|0|0|-1|-1

2019-12-17 00:51:32,338 INFO PERFORMANCE:|0|0|-1|-1

2019-12-17 00:56:32,344 INFO PERFORMANCE:|0|0|-1|-1

2019-12-17 01:01:32,350 INFO PERFORMANCE:|0|0|-1|-1

2019-12-17 01:06:32,356 INFO PERFORMANCE:|0|0|-1|-1

2019-12-17 01:11:32,362 INFO PERFORMANCE:|0|0|-1|-1

2019-12-17 01:16:32,368 INFO PERFORMANCE:|0|0|-1|-1

2019-12-17 01:21:32,374 INFO PERFORMANCE:|0|0|-1|-1

2019-12-17 01:26:32,380 INFO PERFORMANCE:|0|0|-1|-1

2019-12-17 01:31:32,386 INFO PERFORMANCE:|0|0|-1|-1

2019-12-17 01:36:32,392 INFO PERFORMANCE:|0|0|-1|-1

2019-12-17 01:41:32,398 INFO PERFORMANCE:|0|0|-1|-1

2019-12-17 01:46:32,404 INFO PERFORMANCE:|0|0|-1|-1

2019-12-17 01:51:32,410 INFO PERFORMANCE:|0|0|-1|-1

2019-12-17 01:56:32,416 INFO PERFORMANCE:|0|0|-1|-1

2019-12-17 02:01:32,422 INFO PERFORMANCE:|0|0|-1|-1

2019-12-17 02:06:32,428 INFO PERFORMANCE:|0|0|-1|-1

2019-12-17 02:11:32,435 INFO PERFORMANCE:|0|0|-1|-1

2019-12-17 02:16:32,441 INFO PERFORMANCE:|0|0|-1|-1

2019-12-17 02:21:32,447 INFO PERFORMANCE:|0|0|-1|-1

2019-12-17 02:26:32,453 INFO PERFORMANCE:|0|0|-1|-1

2019-12-17 02:31:32,459 INFO PERFORMANCE:|0|0|-1|-1

2019-12-17 02:36:32,465 INFO PERFORMANCE:|0|0|-1|-1

2019-12-17 02:41:32,471 INFO PERFORMANCE:|0|0|-1|-1

2019-12-17 02:46:32,477 INFO PERFORMANCE:|0|0|-1|-1

2019-12-17 02:51:32,483 INFO PERFORMANCE:|0|0|-1|-1

2019-12-17 02:56:32,489 INFO PERFORMANCE:|0|0|-1|-1

2019-12-17 03:01:32,495 INFO PERFORMANCE:|0|0|-1|-1

2019-12-17 03:06:32,501 INFO PERFORMANCE:|0|0|-1|-1

2019-12-17 03:11:32,507 INFO PERFORMANCE:|0|0|-1|-1

2019-12-17 03:16:32,513 INFO PERFORMANCE:|0|0|-1|-1

2019-12-17 03:21:32,519 INFO PERFORMANCE:|0|0|-1|-1

2019-12-17 03:26:32,525 INFO PERFORMANCE:|0|0|-1|-1

2019-12-17 03:31:32,531 INFO PERFORMANCE:|0|0|-1|-1

2019-12-17 03:36:32,537 INFO PERFORMANCE:|0|0|-1|-1

2019-12-17 03:41:32,543 INFO PERFORMANCE:|0|0|-1|-1

2019-12-17 03:46:32,549 INFO PERFORMANCE:|0|0|-1|-1

2019-12-17 03:51:32,555 INFO PERFORMANCE:|0|0|-1|-1

2019-12-17 03:56:32,561 INFO PERFORMANCE:|0|0|-1|-1

2019-12-17 04:01:32,567 INFO PERFORMANCE:|0|0|-1|-1

2019-12-17 04:06:32,573 INFO PERFORMANCE:|0|0|-1|-1

2019-12-17 04:11:32,579 INFO PERFORMANCE:|0|0|-1|-1

2019-12-17 04:16:32,585 INFO PERFORMANCE:|0|0|-1|-1

2019-12-17 04:21:32,591 INFO PERFORMANCE:|0|0|-1|-1

2019-12-17 04:26:32,597 INFO PERFORMANCE:|0|0|-1|-1

2019-12-17 04:31:32,603 INFO PERFORMANCE:|0|0|-1|-1

2019-12-17 04:36:32,609 INFO PERFORMANCE:|0|0|-1|-1

2019-12-17 04:41:32,616 INFO PERFORMANCE:|0|0|-1|-1

2019-12-17 04:46:32,622 INFO PERFORMANCE:|0|0|-1|-1

2019-12-17 04:51:32,628 INFO PERFORMANCE:|0|0|-1|-1

2019-12-17 04:56:32,640 INFO PERFORMANCE:|0|0|-1|-1

2019-12-17 05:01:32,646 INFO PERFORMANCE:|0|0|-1|-1

2019-12-17 05:06:32,652 INFO PERFORMANCE:|0|0|-1|-1

2019-12-17 05:11:32,658 INFO PERFORMANCE:|0|0|-1|-1

2019-12-17 05:16:32,664 INFO PERFORMANCE:|0|0|-1|-1

2019-12-17 05:21:32,670 INFO PERFORMANCE:|0|0|-1|-1

2019-12-17 05:26:32,676 INFO PERFORMANCE:|0|0|-1|-1

2019-12-17 05:31:32,682 INFO PERFORMANCE:|0|0|-1|-1

2019-12-17 05:36:32,688 INFO PERFORMANCE:|0|0|-1|-1

2019-12-17 05:41:32,694 INFO PERFORMANCE:|0|0|-1|-1

2019-12-17 05:46:32,700 INFO PERFORMANCE:|0|0|-1|-1

2019-12-17 05:51:32,706 INFO PERFORMANCE:|0|0|-1|-1

2019-12-17 05:56:32,712 INFO PERFORMANCE:|0|0|-1|-1

2019-12-17 06:01:32,718 INFO PERFORMANCE:|0|0|-1|-1

2019-12-17 06:06:32,725 INFO PERFORMANCE:|0|0|-1|-1

2019-12-17 06:11:32,748 INFO PERFORMANCE:|0|0|-1|-1

2019-12-17 06:16:32,833 INFO PERFORMANCE:|0|0|-1|-1

2019-12-17 06:21:32,869 INFO PERFORMANCE:|0|0|-1|-1

2019-12-17 06:26:32,905 INFO PERFORMANCE:|0|0|-1|-1

2019-12-17 06:31:32,935 INFO PERFORMANCE:|0|0|-1|-1

2019-12-17 06:36:32,942 INFO PERFORMANCE:|0|0|-1|-1

2019-12-17 06:41:32,948 INFO PERFORMANCE:|0|0|-1|-1

2019-12-17 06:46:32,954 INFO PERFORMANCE:|0|0|-1|-1

2019-12-17 06:51:32,960 INFO PERFORMANCE:|0|0|-1|-1

2019-12-17 06:56:32,966 INFO PERFORMANCE:|0|0|-1|-1

2019-12-17 07:01:32,972 INFO PERFORMANCE:|0|0|-1|-1

2019-12-17 07:06:32,978 INFO PERFORMANCE:|0|0|-1|-1

2019-12-17 07:11:32,984 INFO PERFORMANCE:|0|0|-1|-1

2019-12-17 07:16:32,990 INFO PERFORMANCE:|0|0|-1|-1

2019-12-17 07:21:32,996 INFO PERFORMANCE:|0|0|-1|-1

2019-12-17 07:26:33,002 INFO PERFORMANCE:|0|0|-1|-1

2019-12-17 07:31:33,008 INFO PERFORMANCE:|0|0|-1|-1

2019-12-17 07:36:33,014 INFO PERFORMANCE:|0|0|-1|-1

2019-12-17 07:41:33,020 INFO PERFORMANCE:|0|0|-1|-1

2019-12-17 07:46:33,026 INFO PERFORMANCE:|0|0|-1|-1

2019-12-17 07:51:33,032 INFO PERFORMANCE:|0|0|-1|-1

2019-12-17 07:56:33,038 INFO PERFORMANCE:|0|0|-1|-1

2019-12-17 08:01:33,044 INFO PERFORMANCE:|0|0|-1|-1

2019-12-17 08:06:33,050 INFO PERFORMANCE:|0|0|-1|-1

2019-12-17 08:11:33,056 INFO PERFORMANCE:|0|0|-1|-1

2019-12-17 08:16:33,062 INFO PERFORMANCE:|0|0|-1|-1

2019-12-17 08:21:33,068 INFO PERFORMANCE:|0|0|-1|-1

2019-12-17 08:26:33,074 INFO PERFORMANCE:|0|0|-1|-1

2019-12-17 08:31:33,080 INFO PERFORMANCE:|0|0|-1|-1

2019-12-17 08:36:33,086 INFO PERFORMANCE:|0|0|-1|-1

2019-12-17 08:41:33,092 INFO PERFORMANCE:|0|0|-1|-1

2019-12-17 08:46:33,098 INFO PERFORMANCE:|0|0|-1|-1

2019-12-17 08:51:33,104 INFO PERFORMANCE:|0|0|-1|-1

2019-12-17 08:56:33,110 INFO PERFORMANCE:|0|0|-1|-1

2019-12-17 09:01:33,116 INFO PERFORMANCE:|0|0|-1|-1

2019-12-17 09:06:33,122 INFO PERFORMANCE:|0|0|-1|-1

2019-12-17 09:11:33,128 INFO PERFORMANCE:|0|0|-1|-1

2019-12-17 09:16:33,134 INFO PERFORMANCE:|0|0|-1|-1

2019-12-17 09:21:33,140 INFO PERFORMANCE:|0|0|-1|-1

2019-12-17 09:26:33,146 INFO PERFORMANCE:|0|0|-1|-1

2019-12-17 09:31:33,152 INFO PERFORMANCE:|0|0|-1|-1

2019-12-17 09:36:33,158 INFO PERFORMANCE:|0|0|-1|-1

2019-12-17 09:41:33,164 INFO PERFORMANCE:|0|0|-1|-1

2019-12-17 09:46:33,170 INFO PERFORMANCE:|0|0|-1|-1

2019-12-17 09:51:33,176 INFO PERFORMANCE:|0|0|-1|-1

2019-12-17 09:56:33,182 INFO PERFORMANCE:|0|0|-1|-1

2019-12-17 10:01:33,188 INFO PERFORMANCE:|0|0|-1|-1

2019-12-17 10:06:33,194 INFO PERFORMANCE:|0|0|-1|-1

2019-12-17 10:11:33,200 INFO PERFORMANCE:|0|0|-1|-1

2019-12-17 10:16:33,206 INFO PERFORMANCE:|0|0|-1|-1

2019-12-17 10:21:33,212 INFO PERFORMANCE:|0|0|-1|-1

2019-12-17 10:26:33,218 INFO PERFORMANCE:|0|0|-1|-1

2019-12-17 10:31:33,224 INFO PERFORMANCE:|0|0|-1|-1

2019-12-17 10:36:33,230 INFO PERFORMANCE:|0|0|-1|-1

2019-12-17 10:41:33,236 INFO PERFORMANCE:|0|0|-1|-1

2019-12-17 10:46:33,242 INFO PERFORMANCE:|0|0|-1|-1

2019-12-17 10:51:33,248 INFO PERFORMANCE:|0|0|-1|-1

2019-12-17 10:56:33,255 INFO PERFORMANCE:|0|0|-1|-1

2019-12-17 11:01:33,261 INFO PERFORMANCE:|0|0|-1|-1

2019-12-17 11:06:33,267 INFO PERFORMANCE:|0|0|-1|-1

2019-12-17 11:11:33,273 INFO PERFORMANCE:|0|0|-1|-1

2019-12-17 11:16:33,279 INFO PERFORMANCE:|0|0|-1|-1

2019-12-17 11:21:33,285 INFO PERFORMANCE:|0|0|-1|-1

2019-12-17 11:26:33,291 INFO PERFORMANCE:|0|0|-1|-1

2019-12-17 11:31:33,297 INFO PERFORMANCE:|0|0|-1|-1

2019-12-17 11:36:33,303 INFO PERFORMANCE:|0|0|-1|-1

2019-12-17 11:41:33,309 INFO PERFORMANCE:|0|0|-1|-1

2019-12-17 11:46:33,315 INFO PERFORMANCE:|0|0|-1|-1

2019-12-17 11:51:33,321 INFO PERFORMANCE:|0|0|-1|-1

2019-12-17 11:56:33,328 INFO PERFORMANCE:|0|0|-1|-1

2019-12-17 12:01:33,334 INFO PERFORMANCE:|0|0|-1|-1

2019-12-17 12:06:33,340 INFO PERFORMANCE:|0|0|-1|-1

2019-12-17 12:11:33,347 INFO PERFORMANCE:|0|0|-1|-1

2019-12-17 12:16:33,353 INFO PERFORMANCE:|0|0|-1|-1

2019-12-17 12:21:33,359 INFO PERFORMANCE:|0|0|-1|-1

2019-12-17 12:26:33,365 INFO PERFORMANCE:|0|0|-1|-1

2019-12-17 12:31:33,371 INFO PERFORMANCE:|0|0|-1|-1

2019-12-17 12:36:33,377 INFO PERFORMANCE:|0|0|-1|-1

2019-12-17 12:41:33,383 INFO PERFORMANCE:|0|0|-1|-1

2019-12-17 12:46:33,389 INFO PERFORMANCE:|0|0|-1|-1

2019-12-17 12:51:33,395 INFO PERFORMANCE:|0|0|-1|-1

2019-12-17 12:56:33,401 INFO PERFORMANCE:|0|0|-1|-1

2019-12-17 13:01:33,407 INFO PERFORMANCE:|0|0|-1|-1

2019-12-17 13:06:33,413 INFO PERFORMANCE:|0|0|-1|-1

2019-12-17 13:11:33,419 INFO PERFORMANCE:|0|0|-1|-1

2019-12-17 13:16:33,425 INFO PERFORMANCE:|0|0|-1|-1

2019-12-17 13:21:33,431 INFO PERFORMANCE:|0|0|-1|-1

2019-12-17 13:26:33,438 INFO PERFORMANCE:|0|0|-1|-1

2019-12-17 13:31:33,444 INFO PERFORMANCE:|0|0|-1|-1

2019-12-17 13:36:33,450 INFO PERFORMANCE:|0|0|-1|-1

2019-12-17 13:41:33,456 INFO PERFORMANCE:|0|0|-1|-1

2019-12-17 13:46:33,462 INFO PERFORMANCE:|0|0|-1|-1

2019-12-17 13:51:33,468 INFO PERFORMANCE:|0|0|-1|-1

2019-12-17 13:56:33,474 INFO PERFORMANCE:|0|0|-1|-1

2019-12-17 14:01:33,480 INFO PERFORMANCE:|0|0|-1|-1

2019-12-17 14:06:33,486 INFO PERFORMANCE:|0|0|-1|-1

2019-12-17 14:11:33,492 INFO PERFORMANCE:|0|0|-1|-1

2019-12-17 14:16:33,498 INFO PERFORMANCE:|0|0|-1|-1

2019-12-17 14:21:33,504 INFO PERFORMANCE:|0|0|-1|-1

2019-12-17 14:26:33,510 INFO PERFORMANCE:|0|0|-1|-1

2019-12-17 14:31:33,516 INFO PERFORMANCE:|0|0|-1|-1

2019-12-17 14:36:33,522 INFO PERFORMANCE:|0|0|-1|-1

2019-12-17 14:41:33,528 INFO PERFORMANCE:|0|0|-1|-1

2019-12-17 14:46:33,534 INFO PERFORMANCE:|0|0|-1|-1

2019-12-17 14:51:33,540 INFO PERFORMANCE:|0|0|-1|-1

2019-12-17 14:56:33,546 INFO PERFORMANCE:|0|0|-1|-1

2019-12-17 15:01:33,553 INFO PERFORMANCE:|0|0|-1|-1

2019-12-17 15:06:33,559 INFO PERFORMANCE:|0|0|-1|-1

2019-12-17 15:11:33,565 INFO PERFORMANCE:|0|0|-1|-1

2019-12-17 15:16:33,571 INFO PERFORMANCE:|0|0|-1|-1

2019-12-17 15:21:33,664 INFO PERFORMANCE:|0|0|-1|-1

2019-12-17 15:26:33,702 INFO PERFORMANCE:|0|0|-1|-1

2019-12-17 15:31:33,738 INFO PERFORMANCE:|0|0|-1|-1

2019-12-17 15:36:33,774 INFO PERFORMANCE:|0|0|-1|-1

2019-12-17 15:41:33,781 INFO PERFORMANCE:|0|0|-1|-1

2019-12-17 15:46:33,787 INFO PERFORMANCE:|0|0|-1|-1

2019-12-17 15:51:33,793 INFO PERFORMANCE:|0|0|-1|-1

2019-12-17 15:56:33,799 INFO PERFORMANCE:|0|0|-1|-1

2019-12-17 16:01:33,805 INFO PERFORMANCE:|0|0|-1|-1

2019-12-17 16:06:33,811 INFO PERFORMANCE:|0|0|-1|-1

2019-12-17 16:11:33,817 INFO PERFORMANCE:|0|0|-1|-1

2019-12-17 16:16:33,823 INFO PERFORMANCE:|0|0|-1|-1

2019-12-17 16:21:33,829 INFO PERFORMANCE:|0|0|-1|-1

2019-12-17 16:26:33,835 INFO PERFORMANCE:|0|0|-1|-1

2019-12-17 16:31:33,841 INFO PERFORMANCE:|0|0|-1|-1

2019-12-17 16:36:33,847 INFO PERFORMANCE:|0|0|-1|-1

2019-12-17 16:41:33,853 INFO PERFORMANCE:|0|0|-1|-1

2019-12-17 16:46:33,859 INFO PERFORMANCE:|0|0|-1|-1

2019-12-17 16:51:33,865 INFO PERFORMANCE:|0|0|-1|-1

2019-12-17 16:56:33,871 INFO PERFORMANCE:|0|0|-1|-1

2019-12-17 17:01:33,877 INFO PERFORMANCE:|0|0|-1|-1

2019-12-17 17:06:33,883 INFO PERFORMANCE:|0|0|-1|-1

2019-12-17 17:11:33,889 INFO PERFORMANCE:|0|0|-1|-1

2019-12-17 17:16:33,896 INFO PERFORMANCE:|0|0|-1|-1

2019-12-17 17:21:33,902 INFO PERFORMANCE:|0|0|-1|-1

2019-12-17 17:26:33,908 INFO PERFORMANCE:|0|0|-1|-1

2019-12-17 17:31:33,914 INFO PERFORMANCE:|0|0|-1|-1

2019-12-17 17:36:33,920 INFO PERFORMANCE:|0|0|-1|-1

