2019-12-13 15:41:24,637 INFO PERFORMANCE:|0|0|-1|-1

2019-12-13 15:46:24,669 INFO PERFORMANCE:|0|0|-1|-1

2019-12-13 15:51:24,705 INFO PERFORMANCE:|0|0|-1|-1

2019-12-13 15:56:24,741 INFO PERFORMANCE:|0|0|-1|-1

2019-12-13 16:01:24,753 INFO PERFORMANCE:|0|0|-1|-1

2019-12-13 16:06:24,759 INFO PERFORMANCE:|0|0|-1|-1

2019-12-13 16:11:24,765 INFO PERFORMANCE:|0|0|-1|-1

2019-12-13 16:16:24,771 INFO PERFORMANCE:|0|0|-1|-1

2019-12-13 16:21:24,778 INFO PERFORMANCE:|0|0|-1|-1

2019-12-13 16:26:24,784 INFO PERFORMANCE:|0|0|-1|-1

2019-12-13 16:31:24,790 INFO PERFORMANCE:|0|0|-1|-1

2019-12-13 16:36:24,796 INFO PERFORMANCE:|0|0|-1|-1

2019-12-13 16:41:24,802 INFO PERFORMANCE:|0|0|-1|-1

2019-12-13 16:46:24,809 INFO PERFORMANCE:|0|0|-1|-1

2019-12-13 16:51:24,815 INFO PERFORMANCE:|0|0|-1|-1

2019-12-13 16:56:24,821 INFO PERFORMANCE:|0|0|-1|-1

2019-12-13 17:01:24,827 INFO PERFORMANCE:|0|0|-1|-1

2019-12-13 17:06:24,833 INFO PERFORMANCE:|0|0|-1|-1

2019-12-13 17:11:24,840 INFO PERFORMANCE:|0|0|-1|-1

2019-12-13 17:16:24,846 INFO PERFORMANCE:|0|0|-1|-1

2019-12-13 17:21:24,852 INFO PERFORMANCE:|0|0|-1|-1

2019-12-13 17:26:24,858 INFO PERFORMANCE:|0|0|-1|-1

2019-12-13 17:31:24,864 INFO PERFORMANCE:|0|0|-1|-1

2019-12-13 17:36:24,870 INFO PERFORMANCE:|0|0|-1|-1

2019-12-13 17:41:24,876 INFO PERFORMANCE:|0|0|-1|-1

2019-12-13 17:46:24,882 INFO PERFORMANCE:|0|0|-1|-1

2019-12-13 17:51:24,888 INFO PERFORMANCE:|0|0|-1|-1

2019-12-13 17:56:24,894 INFO PERFORMANCE:|0|0|-1|-1

2019-12-13 18:01:24,900 INFO PERFORMANCE:|0|0|-1|-1

2019-12-13 18:06:24,906 INFO PERFORMANCE:|0|0|-1|-1

